<?xml version="1.0" encoding="UTF-8"?>
<!-- Generated by org.testng.reporters.JUnitReportReporter -->
<testsuite hostname="DC-PF2A626C" name="com.hudl.testcases.LoginPageTest" tests="2" failures="0" timestamp="16 Dec 2021 18:55:19 GMT" time="15.930" errors="0">
  <testcase name="loginTest" time="6.828" classname="com.hudl.testcases.LoginPageTest"/>
  <testcase name="loginPageTitleTest" time="9.102" classname="com.hudl.testcases.LoginPageTest"/>
</testsuite> <!-- com.hudl.testcases.LoginPageTest -->
