<?xml version="1.0" encoding="UTF-8"?>
<!-- Generated by org.testng.reporters.JUnitReportReporter -->
<testsuite hostname="DC-PF2A626C" name="com.hudl.testcases.LoginPageTest" tests="2" failures="0" timestamp="17 Dec 2021 21:26:15 GMT" time="9.571" errors="0">
  <testcase name="loginPageTitleTest" time="5.588" classname="com.hudl.testcases.LoginPageTest"/>
  <testcase name="loginTest" time="3.983" classname="com.hudl.testcases.LoginPageTest"/>
</testsuite> <!-- com.hudl.testcases.LoginPageTest -->
