<?xml version="1.0" encoding="UTF-8"?>
<!-- Generated by org.testng.reporters.JUnitReportReporter -->
<testsuite skipped="0" hostname="DC-PF2A626C" name="com.hudl.testcases.LoginPageTest" tests="2" failures="0" timestamp="2021-12-17T14:35:12 CST" time="8.250" errors="0">
  <testcase name="loginPageTitleTest" time="4.034" classname="com.hudl.testcases.LoginPageTest"/>
  <system-out/>
  <testcase name="loginTest" time="4.216" classname="com.hudl.testcases.LoginPageTest"/>
  <system-out/>
</testsuite> <!-- com.hudl.testcases.LoginPageTest -->
